<?xml version="1.0" encoding="UTF-8"?>
<!-- Generated by org.testng.reporters.JUnitReportReporter -->
<testsuite hostname="HPDB0088" name="com.qait.samlms.test.smoke.Testa1LaunchExam" tests="3" failures="1" timestamp="12 Apr 2014 06:59:54 GMT" time="154.434" errors="0">
  <testcase name="loginInApplication" time="7.855" classname="com.qait.samlms.test.smoke.Testa1LaunchExam"/>
  <testcase name="launchContentPlayer" time="81.347" classname="com.qait.samlms.test.smoke.Testa1LaunchExam">
    <failure type="org.openqa.selenium.NoSuchWindowException" message="Unable to locate window &quot;{12c55662-6e42-4626-a380-804db936846a}&quot;
Command duration or timeout: 2.01 seconds
Build info: version: &#039;2.39.0&#039;, revision: &#039;14fa800511cc5d66d426e08b0b2ab926c7ed7398&#039;, time: &#039;2013-12-16 13:18:38&#039;
System info: host: &#039;HPDB0088&#039;, ip: &#039;172.16.2.119&#039;, os.name: &#039;Windows 7&#039;, os.arch: &#039;x86&#039;, os.version: &#039;6.1&#039;, java.version: &#039;1.6.0_39&#039;
Session ID: cd85cb4c-248c-45b2-a4fc-473efdf130ac
Driver info: org.openqa.selenium.firefox.FirefoxDriver
Capabilities [{platform=XP, acceptSslCerts=true, javascriptEnabled=true, browserName=firefox, rotatable=false, locationContextEnabled=true, version=28.0, cssSelectorsEnabled=true, databaseEnabled=true, handlesAlerts=true, browserConnectionEnabled=true, nativeEvents=false, webStorageEnabled=true, applicationCacheEnabled=true, takesScreenshot=true}]">
      <![CDATA[org.openqa.selenium.NoSuchWindowException: Unable to locate window "{12c55662-6e42-4626-a380-804db936846a}"
Command duration or timeout: 2.01 seconds
Build info: version: '2.39.0', revision: '14fa800511cc5d66d426e08b0b2ab926c7ed7398', time: '2013-12-16 13:18:38'
System info: host: 'HPDB0088', ip: '172.16.2.119', os.name: 'Windows 7', os.arch: 'x86', os.version: '6.1', java.version: '1.6.0_39'
Session ID: cd85cb4c-248c-45b2-a4fc-473efdf130ac
Driver info: org.openqa.selenium.firefox.FirefoxDriver
Capabilities [{platform=XP, acceptSslCerts=true, javascriptEnabled=true, browserName=firefox, rotatable=false, locationContextEnabled=true, version=28.0, cssSelectorsEnabled=true, databaseEnabled=true, handlesAlerts=true, browserConnectionEnabled=true, nativeEvents=false, webStorageEnabled=true, applicationCacheEnabled=true, takesScreenshot=true}]
	at sun.reflect.NativeConstructorAccessorImpl.newInstance0(Native Method)
	at sun.reflect.NativeConstructorAccessorImpl.newInstance(Unknown Source)
	at sun.reflect.DelegatingConstructorAccessorImpl.newInstance(Unknown Source)
	at java.lang.reflect.Constructor.newInstance(Unknown Source)
	at org.openqa.selenium.remote.ErrorHandler.createThrowable(ErrorHandler.java:193)
	at org.openqa.selenium.remote.ErrorHandler.throwIfResponseFailed(ErrorHandler.java:145)
	at org.openqa.selenium.remote.RemoteWebDriver.execute(RemoteWebDriver.java:554)
	at org.openqa.selenium.remote.RemoteWebDriver$RemoteTargetLocator.window(RemoteWebDriver.java:831)
	at com.qait.samlms.ui.pageobjects.BasePage.closeDriver(BasePage.java:464)
	at com.qait.samlms.test.smoke.Testa1LaunchExam.launchContentPlayer(Testa1LaunchExam.java:45)
	at sun.reflect.NativeMethodAccessorImpl.invoke0(Native Method)
	at sun.reflect.NativeMethodAccessorImpl.invoke(Unknown Source)
	at sun.reflect.DelegatingMethodAccessorImpl.invoke(Unknown Source)
	at java.lang.reflect.Method.invoke(Unknown Source)
	at org.testng.internal.MethodInvocationHelper.invokeMethod(MethodInvocationHelper.java:84)
	at org.testng.internal.Invoker.invokeMethod(Invoker.java:714)
	at org.testng.internal.Invoker.invokeTestMethod(Invoker.java:901)
	at org.testng.internal.Invoker.invokeTestMethods(Invoker.java:1231)
	at org.testng.internal.TestMethodWorker.invokeTestMethods(TestMethodWorker.java:127)
	at org.testng.internal.TestMethodWorker.run(TestMethodWorker.java:111)
	at org.testng.TestRunner.privateRun(TestRunner.java:767)
	at org.testng.TestRunner.run(TestRunner.java:617)
	at org.testng.SuiteRunner.runTest(SuiteRunner.java:334)
	at org.testng.SuiteRunner.runSequentially(SuiteRunner.java:329)
	at org.testng.SuiteRunner.privateRun(SuiteRunner.java:291)
	at org.testng.SuiteRunner.run(SuiteRunner.java:240)
	at org.testng.SuiteRunnerWorker.runSuite(SuiteRunnerWorker.java:52)
	at org.testng.SuiteRunnerWorker.run(SuiteRunnerWorker.java:86)
	at org.testng.TestNG.runSuitesSequentially(TestNG.java:1224)
	at org.testng.TestNG.runSuitesLocally(TestNG.java:1149)
	at org.testng.TestNG.run(TestNG.java:1057)
	at org.testng.remote.RemoteTestNG.run(RemoteTestNG.java:111)
	at org.testng.remote.RemoteTestNG.initAndRun(RemoteTestNG.java:204)
	at org.testng.remote.RemoteTestNG.main(RemoteTestNG.java:175)
Caused by: org.openqa.selenium.remote.ErrorHandler$UnknownServerException: Unable to locate window "{12c55662-6e42-4626-a380-804db936846a}"
Build info: version: '2.39.0', revision: '14fa800511cc5d66d426e08b0b2ab926c7ed7398', time: '2013-12-16 13:18:38'
System info: host: 'HPDB0088', ip: '172.16.2.119', os.name: 'Windows 7', os.arch: 'x86', os.version: '6.1', java.version: '1.6.0_39'
Driver info: driver.version: unknown
	at <anonymous class>.nsCommandProcessor.prototype.switchToWindow(file:///C:/Users/AVNISH~1/AppData/Local/Temp/anonymous6931822931081390818webdriver-profile/extensions/fxdriver@googlecode.com/components/command_processor.js:10923)
	at <anonymous class>.nsCommandProcessor.prototype.switchToWindow/<(file:///C:/Users/AVNISH~1/AppData/Local/Temp/anonymous6931822931081390818webdriver-profile/extensions/fxdriver@googlecode.com/components/command_processor.js:10927)
]]>
    </failure>
  </testcase> <!-- launchContentPlayer -->
  <testcase name="selectExamAssignmentAsStudent" time="65.232" classname="com.qait.samlms.test.smoke.Testa1LaunchExam"/>
</testsuite> <!-- com.qait.samlms.test.smoke.Testa1LaunchExam -->
